# JRE version: OpenJDK Runtime Environment Homebrew (17.0.19) (build 17.0.19+0)
# Java VM: OpenJDK 64-Bit Server VM Homebrew (17.0.19+0, mixed mode, sharing, tiered, compressed oops, compressed class ptrs, g1 gc, bsd-amd64)
GC Precious Log:
 CPUs: 16 total, 16 available
 Memory: 32768M
 Large Page Support: Disabled
 NUMA Support: Disabled
 Compressed Oops: Enabled (Zero based)
 Heap Region Size: 4M
 Heap Min Capacity: 8M
 Heap Initial Capacity: 512M
 Heap Max Capacity: 8G
 Pre-touch: Disabled
 Parallel Workers: 13
 Concurrent Workers: 3
 Concurrent Refinement Workers: 13
 Periodic GC: Disabled
Heap:
 garbage-first heap   total 57344K, used 16302K [0x0000000600000000, 0x0000000800000000)
  region size 4096K, 1 young (4096K), 0 survivors (0K)
 Metaspace       used 12370K, committed 12608K, reserved 1114112K
  class space    used 1239K, committed 1344K, reserved 1048576K
GC Heap History (18 events):
Event: 0.362 GC heap before
{Heap before GC invocations=0 (full 0):
 garbage-first heap   total 532480K, used 16288K [0x0000000600000000, 0x0000000800000000)
  region size 4096K, 4 young (16384K), 0 survivors (0K)
 Metaspace       used 1854K, committed 1984K, reserved 1114112K
  class space    used 145K, committed 192K, reserved 1048576K
}
Event: 0.370 GC heap after
{Heap after GC invocations=1 (full 1):
 garbage-first heap   total 81920K, used 6934K [0x0000000600000000, 0x0000000800000000)
  region size 4096K, 0 young (0K), 0 survivors (0K)
 Metaspace       used 1854K, committed 1984K, reserved 1114112K
  class space    used 145K, committed 192K, reserved 1048576K
}
Event: 2.406 GC heap before
{Heap before GC invocations=1 (full 1):
 garbage-first heap   total 81920K, used 6934K [0x0000000600000000, 0x0000000800000000)
  region size 4096K, 1 young (4096K), 0 survivors (0K)
 Metaspace       used 4435K, committed 4672K, reserved 1114112K
  class space    used 390K, committed 512K, reserved 1048576K
}
Event: 2.414 GC heap after
{Heap after GC invocations=2 (full 2):
 garbage-first heap   total 57344K, used 7335K [0x0000000600000000, 0x0000000800000000)
  region size 4096K, 0 young (0K), 0 survivors (0K)
 Metaspace       used 4435K, committed 4672K, reserved 1114112K
  class space    used 390K, committed 512K, reserved 1048576K
}
Event: 2.521 GC heap before
{Heap before GC invocations=2 (full 2):
 garbage-first heap   total 57344K, used 19623K [0x0000000600000000, 0x0000000800000000)
  region size 4096K, 3 young (12288K), 0 survivors (0K)
 Metaspace       used 4956K, committed 5120K, reserved 1114112K
  class space    used 440K, committed 512K, reserved 1048576K
}
Event: 2.523 GC heap after
{Heap after GC invocations=3 (full 2):
 garbage-first heap   total 57344K, used 8999K [0x0000000600000000, 0x0000000800000000)
  region size 4096K, 1 young (4096K), 1 survivors (4096K)
 Metaspace       used 4956K, committed 5120K, reserved 1114112K
  class space    used 440K, committed 512K, reserved 1048576K
}
Event: 2.540 GC heap before
{Heap before GC invocations=3 (full 2):
 garbage-first heap   total 57344K, used 21287K [0x0000000600000000, 0x0000000800000000)
  region size 4096K, 4 young (16384K), 1 survivors (4096K)
 Metaspace       used 4977K, committed 5120K, reserved 1114112K
  class space    used 440K, committed 512K, reserved 1048576K
}
Event: 2.544 GC heap after
{Heap after GC invocations=4 (full 2):
 garbage-first heap   total 57344K, used 10180K [0x0000000600000000, 0x0000000800000000)
  region size 4096K, 1 young (4096K), 1 survivors (4096K)
 Metaspace       used 4977K, committed 5120K, reserved 1114112K
  class space    used 440K, committed 512K, reserved 1048576K
}
Event: 2.587 GC heap before
{Heap before GC invocations=4 (full 2):
 garbage-first heap   total 57344K, used 14276K [0x0000000600000000, 0x0000000800000000)
  region size 4096K, 3 young (12288K), 1 survivors (4096K)
 Metaspace       used 5025K, committed 5184K, reserved 1114112K
  class space    used 442K, committed 512K, reserved 1048576K
}
Event: 2.612 GC heap after
{Heap after GC invocations=5 (full 3):
 garbage-first heap   total 57344K, used 11108K [0x0000000600000000, 0x0000000800000000)
  region size 4096K, 0 young (0K), 0 survivors (0K)
 Metaspace       used 5025K, committed 5184K, reserved 1114112K
  class space    used 442K, committed 512K, reserved 1048576K
}
Event: 3.194 GC heap before
{Heap before GC invocations=5 (full 3):
 garbage-first heap   total 57344K, used 11108K [0x0000000600000000, 0x0000000800000000)
  region size 4096K, 1 young (4096K), 0 survivors (0K)
 Metaspace       used 5530K, committed 5760K, reserved 1114112K
  class space    used 505K, committed 640K, reserved 1048576K
}
Event: 3.210 GC heap after
{Heap after GC invocations=6 (full 4):
 garbage-first heap   total 57344K, used 11540K [0x0000000600000000, 0x0000000800000000)
  region size 4096K, 0 young (0K), 0 survivors (0K)
 Metaspace       used 5530K, committed 5760K, reserved 1114112K
  class space    used 505K, committed 640K, reserved 1048576K
}
Event: 3.468 GC heap before
{Heap before GC invocations=6 (full 4):
 garbage-first heap   total 57344K, used 15636K [0x0000000600000000, 0x0000000800000000)
  region size 4096K, 2 young (8192K), 0 survivors (0K)
 Metaspace       used 6367K, committed 6528K, reserved 1114112K
  class space    used 556K, committed 640K, reserved 1048576K
}
Event: 3.486 GC heap after
{Heap after GC invocations=7 (full 5):
 garbage-first heap   total 57344K, used 12364K [0x0000000600000000, 0x0000000800000000)
  region size 4096K, 0 young (0K), 0 survivors (0K)
 Metaspace       used 6367K, committed 6528K, reserved 1114112K
  class space    used 556K, committed 640K, reserved 1048576K
}
Event: 15.049 GC heap before
{Heap before GC invocations=7 (full 5):
 garbage-first heap   total 57344K, used 20556K [0x0000000600000000, 0x0000000800000000)
  region size 4096K, 4 young (16384K), 0 survivors (0K)
 Metaspace       used 11863K, committed 12096K, reserved 1114112K
  class space    used 1219K, committed 1344K, reserved 1048576K
}
Event: 15.075 GC heap after
{Heap after GC invocations=8 (full 6):
 garbage-first heap   total 57344K, used 16642K [0x0000000600000000, 0x0000000800000000)
  region size 4096K, 0 young (0K), 0 survivors (0K)
 Metaspace       used 11863K, committed 12096K, reserved 1114112K
  class space    used 1219K, committed 1344K, reserved 1048576K
}
Event: 776.145 GC heap before
{Heap before GC invocations=8 (full 6):
 garbage-first heap   total 57344K, used 20738K [0x0000000600000000, 0x0000000800000000)
  region size 4096K, 2 young (8192K), 0 survivors (0K)
 Metaspace       used 12368K, committed 12608K, reserved 1114112K
  class space    used 1239K, committed 1344K, reserved 1048576K
}
Event: 776.170 GC heap after
{Heap after GC invocations=9 (full 7):
 garbage-first heap   total 57344K, used 16302K [0x0000000600000000, 0x0000000800000000)
  region size 4096K, 0 young (0K), 0 survivors (0K)
 Metaspace       used 12368K, committed 12608K, reserved 1114112K
  class space    used 1239K, committed 1344K, reserved 1048576K
}

